<?xml version="1.0" encoding="UTF-8"?>
<testsuite name="testEbook" tests="1" skipped="0" failures="0" errors="0" timestamp="2020-10-04T10:24:19" hostname="DESKTOP-I95FIDH" time="7.218">
  <properties/>
  <testcase name="addNewTitleTest" classname="testEbook" time="7.218"/>
  <system-out><![CDATA[]]></system-out>
  <system-err><![CDATA[Starting ChromeDriver 84.0.4147.30 (48b3e868b4cc0aa7e8149519690b6f6949e110a8-refs/branch-heads/4147@{#310}) on port 37588
Only local connections are allowed.
Please see https://chromedriver.chromium.org/security-considerations for suggestions on keeping ChromeDriver safe.
ChromeDriver was started successfully.
[1601807061.880][WARNING]: This version of ChromeDriver has not been tested with Chrome version 85.
paÅº 04, 2020 12:24:23 PM org.openqa.selenium.remote.ProtocolHandshake createSession
INFO: Detected dialect: W3C
]]></system-err>
</testsuite>
