<?xml version="1.0" encoding="UTF-8"?>
<testsuite name="testEbook" tests="1" skipped="0" failures="0" errors="0" timestamp="2020-11-10T16:51:28" hostname="DESKTOP-I95FIDH" time="12.184">
  <properties/>
  <testcase name="addNewCopyTest" classname="testEbook" time="12.184"/>
  <system-out><![CDATA[size list before added copy :10
size list after added copy :11
]]></system-out>
  <system-err><![CDATA[Starting ChromeDriver 86.0.4240.22 (398b0743353ff36fb1b82468f63a3a93b4e2e89e-refs/branch-heads/4240@{#378}) on port 39023
Only local connections are allowed.
Please see https://chromedriver.chromium.org/security-considerations for suggestions on keeping ChromeDriver safe.
ChromeDriver was started successfully.
lis 10, 2020 5:51:32 PM org.openqa.selenium.remote.ProtocolHandshake createSession
INFO: Detected dialect: W3C
]]></system-err>
</testsuite>
