<?xml version="1.0" encoding="UTF-8"?>
<testsuite name="testEbook" tests="1" skipped="0" failures="0" errors="0" timestamp="2020-10-11T11:25:01" hostname="DESKTOP-I95FIDH" time="9.602">
  <properties/>
  <testcase name="removeTitleFromList" classname="testEbook" time="9.602"/>
  <system-out><![CDATA[size list before add/remove position is:2
size list before add/remove position is:2
size list after add/remove position is:2
size list after add/remove position is:2
]]></system-out>
  <system-err><![CDATA[Starting ChromeDriver 84.0.4147.30 (48b3e868b4cc0aa7e8149519690b6f6949e110a8-refs/branch-heads/4147@{#310}) on port 11232
Only local connections are allowed.
Please see https://chromedriver.chromium.org/security-considerations for suggestions on keeping ChromeDriver safe.
ChromeDriver was started successfully.
[1602415503.601][WARNING]: This version of ChromeDriver has not been tested with Chrome version 85.
paÅº 11, 2020 1:25:05 PM org.openqa.selenium.remote.ProtocolHandshake createSession
INFO: Detected dialect: W3C
]]></system-err>
</testsuite>
